<?xml version="1.0"?><coverage lines-covered="132" lines-valid="317" line-rate="0.416403785488959" branches-covered="0" branches-valid="0" branch-rate="0" complexity="0" version="1.9" timestamp="1786199554"><sources><source>/home/runner/work/main-web/main-web</source></sources><packages><package name="src" line-rate="0.416403785488959" branch-rate="0" complexity="0"><classes><class name="admin_client" filename="src/admin_client.rs" line-rate="0.7142857142857143" branch-rate="0" complexity="0"><methods/><lines><line number="48" hits="4"/><line number="50" hits="4"/><line number="55" hits="4"/><line number="56" hits="8"/><line number="57" hits="8"/><line number="64" hits="4"/><line number="65" hits="3"/><line number="66" hits="1"/><line number="69" hits="2"/><line number="70" hits="0"/><line number="73" hits="7"/><line number="75" hits="4"/><line number="76" hits="1"/><line number="83" hits="4"/><line number="84" hits="3"/><line number="85" hits="1"/><line number="88" hits="2"/><line number="89" hits="0"/><line number="92" hits="3"/><line number="94" hits="2"/><line number="96" hits="2"/><line number="99" hits="1"/><line number="101" hits="4"/><line number="102" hits="1"/><line number="105" hits="2"/><line number="112" hits="4"/><line number="113" hits="4"/><line number="114" hits="0"/><line number="115" hits="0"/><line number="116" hits="0"/><line number="120" hits="6"/><line number="121" hits="6"/><line number="122" hits="6"/><line number="126" hits="10"/><line number="127" hits="0"/><line number="128" hits="0"/><line number="129" hits="0"/><line number="130" hits="0"/><line number="131" hits="0"/><line number="134" hits="0"/><line number="135" hits="0"/><line number="136" hits="0"/><line number="138" hits="2"/><line number="139" hits="2"/><line number="140" hits="2"/><line number="145" hits="2"/><line number="146" hits="8"/><line number="147" hits="4"/><line number="148" hits="0"/><line number="149" hits="0"/><line number="151" hits="0"/><line number="155" hits="2"/><line number="156" hits="6"/><line number="157" hits="4"/><line number="158" hits="2"/><line number="159" hits="2"/></lines></class><class name="build_info" filename="src/build_info.rs" line-rate="0.17391304347826086" branch-rate="0" complexity="0"><methods/><lines><line number="22" hits="0"/><line number="23" hits="0"/><line number="28" hits="0"/><line number="29" hits="0"/><line number="32" hits="0"/><line number="33" hits="0"/><line number="37" hits="0"/><line number="38" hits="0"/><line number="39" hits="0"/><line number="40" hits="0"/><line number="42" hits="0"/><line number="43" hits="0"/><line number="44" hits="0"/><line number="45" hits="0"/><line number="46" hits="0"/><line number="47" hits="0"/><line number="48" hits="0"/><line number="52" hits="0"/><line number="53" hits="0"/><line number="57" hits="3"/><line number="58" hits="3"/><line number="60" hits="3"/><line number="61" hits="6"/></lines></class><class name="config" filename="src/config.rs" line-rate="0" branch-rate="0" complexity="0"><methods/><lines><line number="40" hits="0"/><line number="42" hits="0"/><line number="46" hits="0"/><line number="48" hits="0"/><line number="49" hits="0"/><line number="50" hits="0"/><line number="51" hits="0"/><line number="54" hits="0"/><line number="58" hits="0"/><line number="62" hits="0"/><line number="65" hits="0"/><line number="66" hits="0"/></lines></class><class name="main" filename="src/main.rs" line-rate="0" branch-rate="0" complexity="0"><methods/><lines><line number="28" hits="0"/><line number="29" hits="0"/><line number="30" hits="0"/><line number="32" hits="0"/><line number="33" hits="0"/><line number="35" hits="0"/><line number="36" hits="0"/><line number="45" hits="0"/><line number="47" hits="0"/><line number="48" hits="0"/><line number="49" hits="0"/><line number="50" hits="0"/><line number="52" hits="0"/><line number="53" hits="0"/><line number="54" hits="0"/><line number="55" hits="0"/><line number="56" hits="0"/><line number="57" hits="0"/><line number="60" hits="0"/><line number="62" hits="0"/><line number="63" hits="0"/><line number="64" hits="0"/><line number="65" hits="0"/><line number="66" hits="0"/><line number="67" hits="0"/><line number="68" hits="0"/><line number="69" hits="0"/><line number="71" hits="0"/><line number="72" hits="0"/><line number="73" hits="0"/><line number="75" hits="0"/><line number="76" hits="0"/><line number="77" hits="0"/><line number="80" hits="0"/><line number="81" hits="0"/><line number="85" hits="0"/><line number="86" hits="0"/><line number="87" hits="0"/><line number="89" hits="0"/></lines></class><class name="session_client" filename="src/session_client.rs" line-rate="0.3888888888888889" branch-rate="0" complexity="0"><methods/><lines><line number="40" hits="6"/><line number="41" hits="5"/><line number="42" hits="1"/><line number="43" hits="1"/><line number="46" hits="4"/><line number="48" hits="3"/><line number="50" hits="4"/><line number="51" hits="4"/><line number="52" hits="8"/><line number="53" hits="0"/><line number="54" hits="2"/><line number="55" hits="2"/><line number="56" hits="2"/><line number="59" hits="0"/><line number="60" hits="0"/><line number="61" hits="0"/><line number="70" hits="6"/><line number="71" hits="9"/><line number="75" hits="0"/><line number="76" hits="0"/><line number="77" hits="0"/><line number="78" hits="0"/><line number="79" hits="0"/><line number="80" hits="0"/><line number="83" hits="0"/><line number="85" hits="0"/><line number="86" hits="0"/><line number="87" hits="0"/><line number="88" hits="0"/><line number="89" hits="0"/><line number="92" hits="0"/><line number="93" hits="0"/><line number="94" hits="0"/><line number="95" hits="0"/><line number="96" hits="0"/><line number="97" hits="0"/></lines></class><class name="telemetry" filename="src/telemetry.rs" line-rate="0" branch-rate="0" complexity="0"><methods/><lines><line number="16" hits="0"/><line number="22" hits="0"/><line number="23" hits="0"/><line number="25" hits="0"/><line number="26" hits="0"/><line number="27" hits="0"/><line number="28" hits="0"/><line number="29" hits="0"/><line number="30" hits="0"/><line number="32" hits="0"/><line number="33" hits="0"/><line number="34" hits="0"/><line number="37" hits="0"/><line number="38" hits="0"/><line number="39" hits="0"/><line number="45" hits="0"/><line number="46" hits="0"/><line number="47" hits="0"/><line number="48" hits="0"/><line number="49" hits="0"/><line number="52" hits="0"/><line number="53" hits="0"/><line number="54" hits="0"/><line number="55" hits="0"/><line number="56" hits="0"/><line number="59" hits="0"/></lines></class></classes></package><package name="src/routes" line-rate="0.592" branch-rate="0" complexity="0"><classes><class name="health" filename="src/routes/health.rs" line-rate="0" branch-rate="0" complexity="0"><methods/><lines><line number="8" hits="0"/><line number="9" hits="0"/><line number="10" hits="0"/><line number="11" hits="0"/><line number="14" hits="0"/><line number="15" hits="0"/></lines></class><class name="main" filename="src/routes/main.rs" line-rate="0.6218487394957983" branch-rate="0" complexity="0"><methods/><lines><line number="47" hits="5"/><line number="49" hits="15"/><line number="50" hits="15"/><line number="51" hits="15"/><line number="52" hits="5"/><line number="57" hits="10"/><line number="58" hits="10"/><line number="59" hits="10"/><line number="60" hits="10"/><line number="61" hits="10"/><line number="62" hits="10"/><line number="63" hits="10"/><line number="64" hits="10"/><line number="65" hits="10"/><line number="66" hits="10"/><line number="67" hits="10"/><line number="69" hits="10"/><line number="70" hits="10"/><line number="71" hits="10"/><line number="72" hits="10"/><line number="73" hits="10"/><line number="74" hits="10"/><line number="75" hits="10"/><line number="76" hits="10"/><line number="77" hits="10"/><line number="79" hits="10"/><line number="80" hits="10"/><line number="81" hits="10"/><line number="82" hits="10"/><line number="83" hits="10"/><line number="84" hits="10"/><line number="85" hits="10"/><line number="86" hits="10"/><line number="87" hits="10"/><line number="89" hits="10"/><line number="90" hits="10"/><line number="91" hits="10"/><line number="92" hits="10"/><line number="93" hits="10"/><line number="94" hits="10"/><line number="95" hits="10"/><line number="96" hits="10"/><line number="97" hits="10"/><line number="99" hits="10"/><line number="100" hits="10"/><line number="101" hits="10"/><line number="102" hits="10"/><line number="103" hits="10"/><line number="104" hits="10"/><line number="105" hits="10"/><line number="106" hits="10"/><line number="107" hits="10"/><line number="115" hits="2"/><line number="116" hits="10"/><line number="117" hits="14"/><line number="118" hits="18"/><line number="119" hits="2"/><line number="121" hits="24"/><line number="122" hits="16"/><line number="124" hits="20"/><line number="125" hits="16"/><line number="126" hits="16"/><line number="127" hits="8"/><line number="165" hits="0"/><line number="166" hits="0"/><line number="167" hits="0"/><line number="168" hits="0"/><line number="169" hits="0"/><line number="170" hits="0"/><line number="185" hits="4"/><line number="186" hits="8"/><line number="187" hits="15"/><line number="188" hits="3"/><line number="195" hits="6"/><line number="196" hits="6"/><line number="197" hits="7"/><line number="198" hits="6"/><line number="199" hits="5"/><line number="200" hits="4"/><line number="201" hits="2"/><line number="205" hits="0"/><line number="206" hits="0"/><line number="209" hits="0"/><line number="214" hits="0"/><line number="215" hits="0"/><line number="216" hits="0"/><line number="217" hits="0"/><line number="219" hits="0"/><line number="220" hits="0"/><line number="221" hits="0"/><line number="222" hits="0"/><line number="223" hits="0"/><line number="224" hits="0"/><line number="225" hits="0"/><line number="226" hits="0"/><line number="236" hits="0"/><line number="237" hits="0"/><line number="239" hits="0"/><line number="240" hits="0"/><line number="241" hits="0"/><line number="246" hits="0"/><line number="247" hits="0"/><line number="248" hits="0"/><line number="250" hits="0"/><line number="252" hits="0"/><line number="253" hits="0"/><line number="255" hits="0"/><line number="256" hits="0"/><line number="258" hits="0"/><line number="260" hits="0"/><line number="261" hits="0"/><line number="267" hits="0"/><line number="269" hits="0"/><line number="270" hits="0"/><line number="274" hits="0"/><line number="285" hits="0"/><line number="286" hits="0"/><line number="290" hits="0"/><line number="291" hits="0"/></lines></class></classes></package></packages></coverage>