<?xml version="1.0"?><coverage lines-covered="196" lines-valid="400" line-rate="0.49" branches-covered="0" branches-valid="0" branch-rate="0" complexity="0" version="1.9" timestamp="1788357313"><sources><source>/home/runner/work/main-web/main-web</source></sources><packages><package name="" line-rate="0.49" branch-rate="0" complexity="0"><classes></classes></package><package name="src" line-rate="0.49" branch-rate="0" complexity="0"><classes><class name="admin_client" filename="src/admin_client.rs" line-rate="0.676923076923077" branch-rate="0" complexity="0"><methods/><lines><line number="13" hits="0"/><line number="14" hits="0"/><line number="15" hits="0"/><line number="16" hits="0"/><line number="18" hits="0"/><line number="65" hits="4"/><line number="67" hits="4"/><line number="72" hits="4"/><line number="73" hits="8"/><line number="74" hits="8"/><line number="81" hits="4"/><line number="82" hits="3"/><line number="83" hits="1"/><line number="86" hits="2"/><line number="87" hits="0"/><line number="90" hits="7"/><line number="92" hits="4"/><line number="93" hits="1"/><line number="100" hits="4"/><line number="101" hits="3"/><line number="102" hits="1"/><line number="105" hits="2"/><line number="106" hits="0"/><line number="109" hits="3"/><line number="111" hits="2"/><line number="113" hits="2"/><line number="116" hits="1"/><line number="118" hits="4"/><line number="119" hits="1"/><line number="122" hits="2"/><line number="129" hits="4"/><line number="130" hits="4"/><line number="131" hits="0"/><line number="132" hits="0"/><line number="133" hits="0"/><line number="137" hits="6"/><line number="138" hits="6"/><line number="139" hits="6"/><line number="143" hits="4"/><line number="144" hits="6"/><line number="145" hits="4"/><line number="146" hits="8"/><line number="149" hits="14"/><line number="150" hits="0"/><line number="151" hits="0"/><line number="152" hits="0"/><line number="153" hits="0"/><line number="154" hits="0"/><line number="157" hits="0"/><line number="158" hits="0"/><line number="159" hits="0"/><line number="161" hits="2"/><line number="162" hits="2"/><line number="163" hits="2"/><line number="168" hits="2"/><line number="169" hits="8"/><line number="170" hits="4"/><line number="171" hits="0"/><line number="172" hits="0"/><line number="174" hits="0"/><line number="178" hits="2"/><line number="179" hits="6"/><line number="180" hits="4"/><line number="181" hits="2"/><line number="182" hits="2"/></lines></class><class name="build_info" filename="src/build_info.rs" line-rate="0.17391304347826086" branch-rate="0" complexity="0"><methods/><lines><line number="22" hits="0"/><line number="23" hits="0"/><line number="28" hits="0"/><line number="29" hits="0"/><line number="32" hits="0"/><line number="33" hits="0"/><line number="37" hits="0"/><line number="38" hits="0"/><line number="39" hits="0"/><line number="40" hits="0"/><line number="42" hits="0"/><line number="43" hits="0"/><line number="44" hits="0"/><line number="45" hits="0"/><line number="46" hits="0"/><line number="47" hits="0"/><line number="48" hits="0"/><line number="52" hits="0"/><line number="53" hits="0"/><line number="57" hits="3"/><line number="58" hits="3"/><line number="60" hits="3"/><line number="61" hits="6"/></lines></class><class name="config" filename="src/config.rs" line-rate="0" branch-rate="0" complexity="0"><methods/><lines><line number="41" hits="0"/><line number="43" hits="0"/><line number="47" hits="0"/><line number="51" hits="0"/><line number="52" hits="0"/><line number="53" hits="0"/><line number="54" hits="0"/><line number="57" hits="0"/><line number="61" hits="0"/><line number="65" hits="0"/><line number="68" hits="0"/><line number="69" hits="0"/></lines></class><class name="i18n" filename="src/i18n.rs" line-rate="1" branch-rate="0" complexity="0"><methods/><lines><line number="22" hits="31"/><line number="24" hits="31"/><line number="29" hits="28"/><line number="30" hits="28"/><line number="33" hits="290"/><line number="34" hits="870"/><line number="39" hits="135"/><line number="40" hits="405"/><line number="45" hits="5"/><line number="46" hits="26"/><line number="47" hits="6"/><line number="48" hits="2"/><line number="51" hits="7"/><line number="54" hits="18"/><line number="55" hits="9"/><line number="56" hits="15"/><line number="57" hits="9"/><line number="58" hits="4"/><line number="62" hits="2"/><line number="65" hits="11"/><line number="66" hits="33"/><line number="68" hits="11"/><line number="69" hits="33"/><line number="71" hits="11"/><line number="72" hits="33"/><line number="74" hits="11"/><line number="75" hits="33"/><line number="77" hits="11"/><line number="78" hits="33"/><line number="80" hits="11"/><line number="81" hits="33"/><line number="83" hits="11"/><line number="84" hits="33"/><line number="86" hits="11"/><line number="87" hits="33"/><line number="89" hits="11"/><line number="90" hits="33"/><line number="92" hits="11"/><line number="93" hits="33"/><line number="95" hits="7"/><line number="96" hits="21"/><line number="98" hits="1"/><line number="99" hits="3"/><line number="101" hits="7"/><line number="102" hits="21"/><line number="104" hits="4"/><line number="105" hits="12"/><line number="107" hits="12"/><line number="108" hits="36"/><line number="110" hits="1"/><line number="111" hits="3"/><line number="113" hits="13"/><line number="114" hits="39"/></lines></class><class name="main" filename="src/main.rs" line-rate="0" branch-rate="0" complexity="0"><methods/><lines><line number="9" hits="0"/><line number="31" hits="0"/><line number="32" hits="0"/><line number="33" hits="0"/><line number="35" hits="0"/><line number="36" hits="0"/><line number="38" hits="0"/><line number="39" hits="0"/><line number="48" hits="0"/><line number="50" hits="0"/><line number="51" hits="0"/><line number="52" hits="0"/><line number="53" hits="0"/><line number="55" hits="0"/><line number="56" hits="0"/><line number="57" hits="0"/><line number="58" hits="0"/><line number="59" hits="0"/><line number="60" hits="0"/><line number="63" hits="0"/><line number="65" hits="0"/><line number="66" hits="0"/><line number="67" hits="0"/><line number="68" hits="0"/><line number="69" hits="0"/><line number="70" hits="0"/><line number="71" hits="0"/><line number="72" hits="0"/><line number="74" hits="0"/><line number="75" hits="0"/><line number="76" hits="0"/><line number="78" hits="0"/><line number="79" hits="0"/><line number="80" hits="0"/><line number="83" hits="0"/><line number="84" hits="0"/><line number="88" hits="0"/><line number="89" hits="0"/><line number="90" hits="0"/><line number="92" hits="0"/></lines></class><class name="session_client" filename="src/session_client.rs" line-rate="0.42857142857142855" branch-rate="0" complexity="0"><methods/><lines><line number="59" hits="8"/><line number="60" hits="7"/><line number="61" hits="1"/><line number="62" hits="1"/><line number="63" hits="2"/><line number="64" hits="1"/><line number="68" hits="6"/><line number="70" hits="4"/><line number="72" hits="6"/><line number="73" hits="6"/><line number="74" hits="6"/><line number="75" hits="0"/><line number="76" hits="0"/><line number="77" hits="0"/><line number="82" hits="3"/><line number="88" hits="10"/><line number="89" hits="15"/><line number="90" hits="8"/><line number="91" hits="0"/><line number="97" hits="16"/><line number="98" hits="0"/><line number="99" hits="0"/><line number="100" hits="0"/><line number="102" hits="4"/><line number="103" hits="4"/><line number="104" hits="4"/><line number="112" hits="10"/><line number="113" hits="15"/><line number="117" hits="0"/><line number="118" hits="0"/><line number="119" hits="0"/><line number="120" hits="0"/><line number="121" hits="0"/><line number="122" hits="0"/><line number="125" hits="0"/><line number="127" hits="0"/><line number="128" hits="0"/><line number="129" hits="0"/><line number="130" hits="0"/><line number="131" hits="0"/><line number="134" hits="0"/><line number="135" hits="0"/><line number="136" hits="0"/><line number="137" hits="0"/><line number="138" hits="0"/><line number="139" hits="0"/><line number="142" hits="0"/><line number="143" hits="0"/><line number="145" hits="0"/></lines></class><class name="telemetry" filename="src/telemetry.rs" line-rate="0" branch-rate="0" complexity="0"><methods/><lines><line number="16" hits="0"/><line number="22" hits="0"/><line number="23" hits="0"/><line number="25" hits="0"/><line number="26" hits="0"/><line number="27" hits="0"/><line number="28" hits="0"/><line number="29" hits="0"/><line number="30" hits="0"/><line number="32" hits="0"/><line number="33" hits="0"/><line number="34" hits="0"/><line number="37" hits="0"/><line number="38" hits="0"/><line number="39" hits="0"/><line number="47" hits="0"/><line number="53" hits="0"/><line number="54" hits="0"/><line number="55" hits="0"/><line number="56" hits="0"/><line number="57" hits="0"/><line number="60" hits="0"/><line number="61" hits="0"/><line number="62" hits="0"/><line number="63" hits="0"/><line number="64" hits="0"/><line number="67" hits="0"/></lines></class></classes></package><package name="src/routes" line-rate="0.5648854961832062" branch-rate="0" complexity="0"><classes><class name="health" filename="src/routes/health.rs" line-rate="0" branch-rate="0" complexity="0"><methods/><lines><line number="8" hits="0"/><line number="9" hits="0"/><line number="10" hits="0"/><line number="11" hits="0"/><line number="14" hits="0"/><line number="15" hits="0"/></lines></class><class name="main" filename="src/routes/main.rs" line-rate="0.592" branch-rate="0" complexity="0"><methods/><lines><line number="48" hits="6"/><line number="50" hits="18"/><line number="51" hits="18"/><line number="52" hits="18"/><line number="53" hits="6"/><line number="58" hits="13"/><line number="59" hits="39"/><line number="60" hits="13"/><line number="61" hits="13"/><line number="62" hits="52"/><line number="63" hits="52"/><line number="64" hits="13"/><line number="65" hits="13"/><line number="66" hits="26"/><line number="67" hits="13"/><line number="68" hits="13"/><line number="69" hits="13"/><line number="71" hits="13"/><line number="72" hits="52"/><line number="73" hits="52"/><line number="74" hits="13"/><line number="75" hits="13"/><line number="76" hits="26"/><line number="77" hits="13"/><line number="78" hits="13"/><line number="79" hits="13"/><line number="81" hits="13"/><line number="82" hits="52"/><line number="83" hits="52"/><line number="84" hits="13"/><line number="85" hits="13"/><line number="86" hits="39"/><line number="87" hits="13"/><line number="88" hits="13"/><line number="89" hits="13"/><line number="91" hits="13"/><line number="92" hits="52"/><line number="93" hits="52"/><line number="94" hits="13"/><line number="95" hits="13"/><line number="96" hits="39"/><line number="97" hits="13"/><line number="98" hits="13"/><line number="99" hits="13"/><line number="101" hits="13"/><line number="102" hits="52"/><line number="103" hits="52"/><line number="104" hits="13"/><line number="105" hits="13"/><line number="106" hits="26"/><line number="107" hits="13"/><line number="108" hits="13"/><line number="109" hits="13"/><line number="117" hits="2"/><line number="118" hits="10"/><line number="119" hits="14"/><line number="120" hits="20"/><line number="121" hits="0"/><line number="123" hits="30"/><line number="124" hits="20"/><line number="126" hits="25"/><line number="127" hits="20"/><line number="128" hits="20"/><line number="129" hits="10"/><line number="172" hits="0"/><line number="173" hits="0"/><line number="174" hits="0"/><line number="175" hits="0"/><line number="176" hits="0"/><line number="177" hits="0"/><line number="192" hits="4"/><line number="193" hits="8"/><line number="194" hits="15"/><line number="195" hits="3"/><line number="203" hits="16"/><line number="204" hits="16"/><line number="205" hits="19"/><line number="206" hits="16"/><line number="207" hits="13"/><line number="208" hits="10"/><line number="209" hits="4"/><line number="213" hits="0"/><line number="214" hits="0"/><line number="217" hits="0"/><line number="223" hits="0"/><line number="224" hits="0"/><line number="225" hits="0"/><line number="226" hits="0"/><line number="228" hits="0"/><line number="229" hits="0"/><line number="230" hits="0"/><line number="231" hits="0"/><line number="233" hits="0"/><line number="234" hits="0"/><line number="235" hits="0"/><line number="236" hits="0"/><line number="237" hits="0"/><line number="238" hits="0"/><line number="239" hits="0"/><line number="240" hits="0"/><line number="250" hits="0"/><line number="251" hits="0"/><line number="253" hits="0"/><line number="254" hits="0"/><line number="255" hits="0"/><line number="260" hits="0"/><line number="261" hits="0"/><line number="262" hits="0"/><line number="264" hits="0"/><line number="266" hits="0"/><line number="267" hits="0"/><line number="269" hits="0"/><line number="270" hits="0"/><line number="272" hits="0"/><line number="274" hits="0"/><line number="275" hits="0"/><line number="276" hits="0"/><line number="282" hits="0"/><line number="284" hits="0"/><line number="285" hits="0"/><line number="289" hits="0"/><line number="301" hits="0"/><line number="302" hits="0"/><line number="305" hits="0"/><line number="306" hits="0"/></lines></class></classes></package></packages></coverage>